<?xml version="1.0" encoding="UTF-8"?>
<testng-results skipped="0" failed="0" total="2" passed="2">
  <reporter-output>
  </reporter-output>
  <suite name="com.hypery2k.ZapReportParserTest" duration-ms="148" started-at="2018-01-25T07:05:07Z" finished-at="2018-01-25T07:05:07Z">
    <groups>
    </groups>
    <test name="Command line test" duration-ms="148" started-at="2018-01-25T07:05:07Z" finished-at="2018-01-25T07:05:07Z">
      <class name="com.hypery2k.ZapReportParserTest">
        <test-method status="PASS" signature="shouldGetCorrectRiskCodeFromReport()[pri:0, instance:com.hypery2k.ZapReportParserTest@5315b42e]" name="shouldGetCorrectRiskCodeFromReport" duration-ms="129" started-at="2018-01-25T08:05:07Z" finished-at="2018-01-25T08:05:07Z">
          <reporter-output>
          </reporter-output>
        </test-method> <!-- shouldGetCorrectRiskCodeFromReport -->
        <test-method status="PASS" signature="shouldReadRiskCodeCorrectly()[pri:0, instance:com.hypery2k.ZapReportParserTest@5315b42e]" name="shouldReadRiskCodeCorrectly" duration-ms="6" started-at="2018-01-25T08:05:07Z" finished-at="2018-01-25T08:05:07Z">
          <reporter-output>
          </reporter-output>
        </test-method> <!-- shouldReadRiskCodeCorrectly -->
      </class> <!-- com.hypery2k.ZapReportParserTest -->
    </test> <!-- Command line test -->
  </suite> <!-- com.hypery2k.ZapReportParserTest -->
</testng-results>
