<?xml version="1.0" encoding="UTF-8"?>
<!-- Generated by org.testng.reporters.JUnitXMLReporter -->
<testsuite hostname="Mare-MBP" name="Command line test" tests="32" failures="0" timestamp="25 Jan 2018 07:05:05 GMT" time="0.292" errors="0">
  <testcase name="testCasHandlerCreation" time="0.212" classname="br.com.softplan.security.zap.api.authentication.AuthenticationHandlerFactoryTest"/>
  <testcase name="testFormHandlerCreation" time="0.002" classname="br.com.softplan.security.zap.api.authentication.AuthenticationHandlerFactoryTest"/>
  <testcase name="testMessageAndThrowableConstructor" time="0.0" classname="br.com.softplan.security.zap.api.exception.AuthenticationInfoValidationExceptionTest"/>
  <testcase name="testMessageConstructor" time="0.0" classname="br.com.softplan.security.zap.api.exception.AuthenticationInfoValidationExceptionTest"/>
  <testcase name="testThrowableConstructor" time="0.0" classname="br.com.softplan.security.zap.api.exception.AuthenticationInfoValidationExceptionTest"/>
  <testcase name="infoMustNotBeNull" time="0.0" classname="br.com.softplan.security.zap.api.authentication.AuthenticationInfoValidatorTest"/>
  <testcase name="loginUrlMustNotBeNull" time="0.001" classname="br.com.softplan.security.zap.api.authentication.AuthenticationInfoValidatorTest"/>
  <testcase name="passwordMustNotBeNull" time="0.001" classname="br.com.softplan.security.zap.api.authentication.AuthenticationInfoValidatorTest"/>
  <testcase name="protectedPagesMustNotBeVoidInCasAuthentication" time="0.0" classname="br.com.softplan.security.zap.api.authentication.AuthenticationInfoValidatorTest"/>
  <testcase name="testSimpleCasAuthenticationInfo" time="0.003" classname="br.com.softplan.security.zap.api.authentication.AuthenticationInfoValidatorTest"/>
  <testcase name="testSimpleFormAuthenticationInfo" time="0.002" classname="br.com.softplan.security.zap.api.authentication.AuthenticationInfoValidatorTest"/>
  <testcase name="typeMustNotBeNull" time="0.01" classname="br.com.softplan.security.zap.api.authentication.AuthenticationInfoValidatorTest"/>
  <testcase name="usernameMustNotBeNull" time="0.0" classname="br.com.softplan.security.zap.api.authentication.AuthenticationInfoValidatorTest"/>
  <testcase name="warningShouldBeGeneratedIfNoReauthenticationIsPossibleInCasAuthentication" time="0.001" classname="br.com.softplan.security.zap.api.authentication.AuthenticationInfoValidatorTest"/>
  <testcase name="warningShouldBeGeneratedIfNoReauthenticationIsPossibleInFormAuthentication" time="0.002" classname="br.com.softplan.security.zap.api.authentication.AuthenticationInfoValidatorTest"/>
  <testcase name="warningShouldBeGeneratedIfProtectedPageIsNotNullInFormAuthentication" time="0.002" classname="br.com.softplan.security.zap.api.authentication.AuthenticationInfoValidatorTest"/>
  <testcase name="testMessageAndThrowableConstructor" time="0.001" classname="br.com.softplan.security.zap.api.exception.ZapAnalysisTimeoutExceptionTest"/>
  <testcase name="testMessageConstructor" time="0.0" classname="br.com.softplan.security.zap.api.exception.ZapAnalysisTimeoutExceptionTest"/>
  <testcase name="testThrowableConstructor" time="0.0" classname="br.com.softplan.security.zap.api.exception.ZapAnalysisTimeoutExceptionTest"/>
  <testcase name="testMessageAndThrowableConstructor" time="0.0" classname="br.com.softplan.security.zap.api.exception.ZapClientExceptionTest"/>
  <testcase name="testMessageConstructor" time="0.0" classname="br.com.softplan.security.zap.api.exception.ZapClientExceptionTest"/>
  <testcase name="testThrowableConstructor" time="0.001" classname="br.com.softplan.security.zap.api.exception.ZapClientExceptionTest"/>
  <testcase name="testByteAndStringReportsEquality" time="0.0" classname="br.com.softplan.security.zap.api.report.ZapReportTest"/>
  <testcase name="testReportContents" time="0.001" classname="br.com.softplan.security.zap.api.report.ZapReportTest"/>
  <testcase name="saveHtmlReportInDefaultLocationTest" time="0.023" classname="br.com.softplan.security.zap.api.report.ZapReportUtilTest"/>
  <testcase name="saveHtmlReportTest" time="0.002" classname="br.com.softplan.security.zap.api.report.ZapReportUtilTest"/>
  <testcase name="saveHtmlSpiderResultsInDefaultLocationTest" time="0.001" classname="br.com.softplan.security.zap.api.report.ZapReportUtilTest"/>
  <testcase name="saveHtmlSpiderResultsTest" time="0.001" classname="br.com.softplan.security.zap.api.report.ZapReportUtilTest"/>
  <testcase name="saveXmlReportInDefaultLocationTest" time="0.001" classname="br.com.softplan.security.zap.api.report.ZapReportUtilTest"/>
  <testcase name="saveXmlReportTest" time="0.001" classname="br.com.softplan.security.zap.api.report.ZapReportUtilTest"/>
  <testcase name="saveXmlSpiderResultsInDefaultLocationTest" time="0.001" classname="br.com.softplan.security.zap.api.report.ZapReportUtilTest"/>
  <testcase name="saveXmlSpiderResultsTest" time="0.001" classname="br.com.softplan.security.zap.api.report.ZapReportUtilTest"/>
</testsuite> <!-- Command line test -->
