<?xml version="1.0" encoding="UTF-8"?>
<!-- Generated by org.testng.reporters.JUnitXMLReporter -->
<testsuite hostname="Mare-MBP" name="Command line test" tests="2" failures="0" timestamp="25 Jan 2018 07:05:07 GMT" time="0.148" errors="0">
  <testcase name="shouldGetCorrectRiskCodeFromReport" time="0.129" classname="com.hypery2k.ZapReportParserTest"/>
  <testcase name="shouldReadRiskCodeCorrectly" time="0.006" classname="com.hypery2k.ZapReportParserTest"/>
</testsuite> <!-- Command line test -->
